<component name="libraryTable">
  <library name="junit-4.5">
    <CLASSES>
      <root url="jar://H:/mybatis-springmvc-lib/junit-4.5.jar!/" />
    </CLASSES>
    <JAVADOC />
    <SOURCES />
  </library>
</component>